> Task :clean
> Task :checkKotlinGradlePluginConfigurationErrors SKIPPED
> Task :processResources
> Task :check

> Task :compileKotlin FAILED
e: file:///C:/Users/say4u/workspace/psmo-community/backend/src/main/kotlin/com/psmo/Routing.kt:3:27 Unresolved reference 'ProfileResponse'.
e: file:///C:/Users/say4u/workspace/psmo-community/backend/src/main/kotlin/com/psmo/Routing.kt:5:28 Unresolved reference 'authRoutes'.
e: file:///C:/Users/say4u/workspace/psmo-community/backend/src/main/kotlin/com/psmo/Routing.kt:6:28 Unresolved reference 'qrAuthRoutes'.
e: file:///C:/Users/say4u/workspace/psmo-community/backend/src/main/kotlin/com/psmo/Routing.kt:98:9 Unresolved reference 'authRoutes'.
e: file:///C:/Users/say4u/workspace/psmo-community/backend/src/main/kotlin/com/psmo/Routing.kt:99:9 Unresolved reference 'qrAuthRoutes'.
e: file:///C:/Users/say4u/workspace/psmo-community/backend/src/main/kotlin/com/psmo/Routing.kt:105:9 Unresolved reference 'staticFiles'.
e: file:///C:/Users/say4u/workspace/psmo-community/backend/src/main/kotlin/com/psmo/Routing.kt:170:22 Cannot infer type for this parameter. Please specify it explicitly.
e: file:///C:/Users/say4u/workspace/psmo-community/backend/src/main/kotlin/com/psmo/Routing.kt:170:22 Not enough information to infer type argument for 'T'.
e: file:///C:/Users/say4u/workspace/psmo-community/backend/src/main/kotlin/com/psmo/Routing.kt:170:49 Cannot infer type for this parameter. Please specify it explicitly.
e: file:///C:/Users/say4u/workspace/psmo-community/backend/src/main/kotlin/com/psmo/Routing.kt:170:49 Not enough information to infer type argument for 'V'.
e: file:///C:/Users/say4u/workspace/psmo-community/backend/src/main/kotlin/com/psmo/Routing.kt:170:63 Cannot infer type for this parameter. Please specify it explicitly.
e: file:///C:/Users/say4u/workspace/psmo-community/backend/src/main/kotlin/com/psmo/Routing.kt:170:63 Not enough information to infer type argument for 'B'.
e: file:///C:/Users/say4u/workspace/psmo-community/backend/src/main/kotlin/com/psmo/Routing.kt:252:49 No value passed for parameter 'seller'.
e: file:///C:/Users/say4u/workspace/psmo-community/backend/src/main/kotlin/com/psmo/Routing.kt:282:22 Cannot infer type for this parameter. Please specify it explicitly.
e: file:///C:/Users/say4u/workspace/psmo-community/backend/src/main/kotlin/com/psmo/Routing.kt:282:30 Unresolved reference 'ProfileResponse'.
e: file:///C:/Users/say4u/workspace/psmo-community/backend/src/main/kotlin/com/psmo/Routing.kt:282:68 No value passed for parameter 'seller'.
e: file:///C:/Users/say4u/workspace/psmo-community/backend/src/main/kotlin/com/psmo/model/BadUser.kt:34:54 Unresolved reference 'reporterId'.
e: file:///C:/Users/say4u/workspace/psmo-community/backend/src/main/kotlin/com/psmo/model/BadUser.kt:45:24 Argument type mismatch: actual type is 'kotlin.String?', but 'kotlin.String' was expected.
e: file:///C:/Users/say4u/workspace/psmo-community/backend/src/main/kotlin/com/psmo/model/Post.kt:5:27 Unresolved reference 'UserResponse'.
e: file:///C:/Users/say4u/workspace/psmo-community/backend/src/main/kotlin/com/psmo/model/dto/AuthDtos.kt:30:5 Unresolved reference 'User'.
e: file:///C:/Users/say4u/workspace/psmo-community/backend/src/main/kotlin/com/psmo/model/dto/AuthDtos.kt:31:10 Unresolved reference 'id'.
e: file:///C:/Users/say4u/workspace/psmo-community/backend/src/main/kotlin/com/psmo/model/dto/AuthDtos.kt:32:18 Unresolved reference 'telegramId'.
e: file:///C:/Users/say4u/workspace/psmo-community/backend/src/main/kotlin/com/psmo/model/dto/AuthDtos.kt:33:19 Unresolved reference 'displayName'.
e: file:///C:/Users/say4u/workspace/psmo-community/backend/src/main/kotlin/com/psmo/model/dto/AuthDtos.kt:34:16 Unresolved reference 'username'.
e: file:///C:/Users/say4u/workspace/psmo-community/backend/src/main/kotlin/com/psmo/model/dto/AuthDtos.kt:35:16 Unresolved reference 'photoUrl'.
e: file:///C:/Users/say4u/workspace/psmo-community/backend/src/main/kotlin/com/psmo/model/dto/AuthDtos.kt:36:12 Unresolved reference 'role'.
e: file:///C:/Users/say4u/workspace/psmo-community/backend/src/main/kotlin/com/psmo/model/dto/AuthDtos.kt:37:13 Unresolved reference 'score'.
e: file:///C:/Users/say4u/workspace/psmo-community/backend/src/main/kotlin/com/psmo/model/dto/AuthDtos.kt:38:21 Unresolved reference 'activityLevel'.
e: file:///C:/Users/say4u/workspace/psmo-community/backend/src/main/kotlin/com/psmo/model/dto/BoardDto.kt:24:17 Serializer has not been found for type 'ERROR CLASS: Symbol not found for UserResponse'. To use context serializer as fallback, explicitly annotate type or property with @Contextual
e: file:///C:/Users/say4u/workspace/psmo-community/backend/src/main/kotlin/com/psmo/model/dto/BoardDto.kt:24:17 Unresolved reference 'UserResponse'.
e: file:///C:/Users/say4u/workspace/psmo-community/backend/src/main/kotlin/com/psmo/model/dto/BoardDto.kt:42:17 Serializer has not been found for type 'ERROR CLASS: Symbol not found for UserResponse'. To use context serializer as fallback, explicitly annotate type or property with @Contextual
e: file:///C:/Users/say4u/workspace/psmo-community/backend/src/main/kotlin/com/psmo/model/dto/BoardDto.kt:42:17 Unresolved reference 'UserResponse'.
e: file:///C:/Users/say4u/workspace/psmo-community/backend/src/main/kotlin/com/psmo/model/dto/ProductDto.kt:57:17 Unresolved reference 'UserResponse'.
e: file:///C:/Users/say4u/workspace/psmo-community/backend/src/main/kotlin/com/psmo/model/dto/ProductDto.kt:79:32 Unresolved reference 'UserResponse'.
e: file:///C:/Users/say4u/workspace/psmo-community/backend/src/main/kotlin/com/psmo/repository/BadUserRepository.kt:21:29 Assignment type mismatch: actual type is 'com.psmo.model.User', but 'com.psmo.model.UserEntity' was expected.
e: file:///C:/Users/say4u/workspace/psmo-community/backend/src/main/kotlin/com/psmo/repository/BoardRepository.kt:68:34 'fun FieldSet.select(where: SqlExpressionBuilder.() -> Op<Boolean>): Query' is deprecated. As part of SELECT DSL design changes, this will be removed in future releases.
e: file:///C:/Users/say4u/workspace/psmo-community/backend/src/main/kotlin/com/psmo/repository/BoardRepository.kt:70:55 Unresolved reference 'eq'.
e: file:///C:/Users/say4u/workspace/psmo-community/backend/src/main/kotlin/com/psmo/repository/BoardRepository.kt:70:88 Unresolved reference 'eq'.
e: file:///C:/Users/say4u/workspace/psmo-community/backend/src/main/kotlin/com/psmo/repository/BoardRepository.kt:93:19 'fun FieldSet.select(where: SqlExpressionBuilder.() -> Op<Boolean>): Query' is deprecated. As part of SELECT DSL design changes, this will be removed in future releases.
e: file:///C:/Users/say4u/workspace/psmo-community/backend/src/main/kotlin/com/psmo/service/BoardService.kt:4:23 Unresolved reference 'toResponse'.
e: file:///C:/Users/say4u/workspace/psmo-community/backend/src/main/kotlin/com/psmo/service/BoardService.kt:12:102 No value passed for parameter 'seller'.
e: file:///C:/Users/say4u/workspace/psmo-community/backend/src/main/kotlin/com/psmo/service/BoardService.kt:22:106 No value passed for parameter 'seller'.
e: file:///C:/Users/say4u/workspace/psmo-community/backend/src/main/kotlin/com/psmo/service/BoardService.kt:36:102 No value passed for parameter 'seller'.
e: file:///C:/Users/say4u/workspace/psmo-community/backend/src/main/kotlin/com/psmo/service/BoardService.kt:46:84 No value passed for parameter 'seller'.
e: file:///C:/Users/say4u/workspace/psmo-community/backend/src/main/kotlin/com/psmo/service/BoardService.kt:53:73 No value passed for parameter 'seller'.
e: file:///C:/Users/say4u/workspace/psmo-community/backend/src/main/kotlin/com/psmo/service/JwtService.kt:6:27 Unresolved reference 'TokenResponse'.
e: file:///C:/Users/say4u/workspace/psmo-community/backend/src/main/kotlin/com/psmo/service/JwtService.kt:33:42 Unresolved reference 'TokenResponse'.
e: file:///C:/Users/say4u/workspace/psmo-community/backend/src/main/kotlin/com/psmo/service/JwtService.kt:46:16 Unresolved reference 'TokenResponse'.
e: file:///C:/Users/say4u/workspace/psmo-community/backend/src/main/kotlin/com/psmo/service/ProductService.kt:68:41 No value passed for parameter 'seller'.
e: file:///C:/Users/say4u/workspace/psmo-community/backend/src/main/kotlin/com/psmo/service/ProductService.kt:88:37 No value passed for parameter 'seller'.
e: file:///C:/Users/say4u/workspace/psmo-community/backend/src/main/kotlin/com/psmo/service/ProductService.kt:93:29 Unresolved reference 'id'.
e: file:///C:/Users/say4u/workspace/psmo-community/backend/src/main/kotlin/com/psmo/service/TelegramAuthService.kt:3:27 Unresolved reference 'TokenResponse'.
e: file:///C:/Users/say4u/workspace/psmo-community/backend/src/main/kotlin/com/psmo/service/TelegramAuthService.kt:4:27 Unresolved reference 'UserResponse'.
e: file:///C:/Users/say4u/workspace/psmo-community/backend/src/main/kotlin/com/psmo/service/TelegramAuthService.kt:75:45 No value passed for parameter 'seller'.
e: file:///C:/Users/say4u/workspace/psmo-community/backend/src/main/kotlin/com/psmo/service/TelegramAuthService.kt:103:15 Unresolved reference 'UserResponse'.
e: file:///C:/Users/say4u/workspace/psmo-community/backend/src/main/kotlin/com/psmo/service/TelegramAuthService.kt:104:16 Unresolved reference 'TokenResponse'.

FAILURE: Build failed with an exception.

* What went wrong:
Execution failed for task ':compileKotlin'.
> A failure occurred while executing org.jetbrains.kotlin.compilerRunner.GradleCompilerRunnerWithWorkers$GradleKotlinCompilerWorkAction
   > Compilation error. See log for more details

* Try:
> Run with --stacktrace option to get the stack trace.
> Run with --info or --debug option to get more log output.
> Run with --scan to get full insights.
> Get more help at https://help.gradle.org.

BUILD FAILED in 4s
3 actionable tasks: 3 executed
