> Task :checkKotlinGradlePluginConfigurationErrors SKIPPED

> Task :compileKotlin FAILED
e: file:///C:/Users/say4u/workspace/psmo-community/backend/src/main/kotlin/com/psmo/controller/BadUserController.kt:85:21 No parameter with name 'firstName' found.
e: file:///C:/Users/say4u/workspace/psmo-community/backend/src/main/kotlin/com/psmo/controller/BadUserController.kt:86:21 No parameter with name 'lastName' found.

FAILURE: Build failed with an exception.

* What went wrong:
Execution failed for task ':compileKotlin'.
> A failure occurred while executing org.jetbrains.kotlin.compilerRunner.GradleCompilerRunnerWithWorkers$GradleKotlinCompilerWorkAction
   > Compilation error. See log for more details

* Try:
> Run with --stacktrace option to get the stack trace.
> Run with --info or --debug option to get more log output.
> Run with --scan to get full insights.
> Get more help at https://help.gradle.org.

BUILD FAILED in 2s
1 actionable task: 1 executed
