> Task :clean
> Task :checkKotlinGradlePluginConfigurationErrors SKIPPED

> Task :compileKotlin FAILED
e: file:///C:/Users/say4u/workspace/psmo-community/backend/src/main/kotlin/com/psmo/repository/ProductRepository.kt:34:17 None of the following candidates is applicable:
fun <S> set(column: Column<S>, value: S): Unit
fun <S : Comparable<S>> set(column: Column<EntityID<S>>, value: S): Unit
fun <S : Comparable<S>> set(column: Column<EntityID<S>?>, value: S?): Unit
fun <S, ID : EntityID<S>, E : Expression<S>> set(column: Column<ID>, value: E): Unit
fun <T, S : T?, E : Expression<S>> set(column: Column<T>, value: E): Unit
fun <S> set(column: Column<S>, value: Query): Unit
fun <S> set(column: CompositeColumn<S>, value: S): Unit
e: file:///C:/Users/say4u/workspace/psmo-community/backend/src/main/kotlin/com/psmo/repository/ProductRepository.kt:117:21 None of the following candidates is applicable:
fun <S> set(column: Column<S>, value: S): Unit
fun <S : Comparable<S>> set(column: Column<EntityID<S>>, value: S): Unit
fun <S : Comparable<S>> set(column: Column<EntityID<S>?>, value: S?): Unit
fun <S, ID : EntityID<S>, E : Expression<S>> set(column: Column<ID>, value: E): Unit
fun <T, S : T?, E : Expression<S>> set(column: Column<T>, value: E): Unit
fun <S> set(column: Column<S>, value: Query): Unit
fun <S> set(column: CompositeColumn<S>, value: S): Unit

FAILURE: Build failed with an exception.

* What went wrong:
Execution failed for task ':compileKotlin'.
> A failure occurred while executing org.jetbrains.kotlin.compilerRunner.GradleCompilerRunnerWithWorkers$GradleKotlinCompilerWorkAction
   > Compilation error. See log for more details

* Try:
> Run with --stacktrace option to get the stack trace.
> Run with --info or --debug option to get more log output.
> Run with --scan to get full insights.
> Get more help at https://help.gradle.org.

BUILD FAILED in 1s
2 actionable tasks: 2 executed
